C:\Users\proy-jacosta\Páginas Web\Github Repos\Web-Distribucion\web-radio-terminal\src\config\config.js:6
 throw result.error;
 ^

Error: ENOENT: no such file or directory, open 'C:\Users\proy-jacosta\Páginas Web\windows-services\.env'
    at Object.openSync (fs.js:443:3)
    at Object.readFileSync (fs.js:343:35)
    at Object.config (C:\Users\proy-jacosta\Páginas Web\Github Repos\Web-Distribucion\web-radio-terminal\node_modules\dotenv\lib\main.js:96:29)
    at Object.<anonymous> (C:\Users\proy-jacosta\Páginas Web\Github Repos\Web-Distribucion\web-radio-terminal\src\config\config.js:3:21)
    at Module._compile (internal/modules/cjs/loader.js:778:30)
    at Object.Module._extensions..js (internal/modules/cjs/loader.js:789:10)
    at Module.load (internal/modules/cjs/loader.js:653:32)
    at tryModuleLoad (internal/modules/cjs/loader.js:593:12)
    at Function.Module._load (internal/modules/cjs/loader.js:585:3)
    at Module.require (internal/modules/cjs/loader.js:692:17)
C:\Users\proy-jacosta\Páginas Web\Github Repos\Web-Distribucion\web-radio-terminal\src\config\config.js:6
 throw result.error;
 ^

Error: ENOENT: no such file or directory, open 'C:\Users\proy-jacosta\Páginas Web\windows-services\.env'
    at Object.openSync (fs.js:443:3)
    at Object.readFileSync (fs.js:343:35)
    at Object.config (C:\Users\proy-jacosta\Páginas Web\Github Repos\Web-Distribucion\web-radio-terminal\node_modules\dotenv\lib\main.js:96:29)
    at Object.<anonymous> (C:\Users\proy-jacosta\Páginas Web\Github Repos\Web-Distribucion\web-radio-terminal\src\config\config.js:3:21)
    at Module._compile (internal/modules/cjs/loader.js:778:30)
    at Object.Module._extensions..js (internal/modules/cjs/loader.js:789:10)
    at Module.load (internal/modules/cjs/loader.js:653:32)
    at tryModuleLoad (internal/modules/cjs/loader.js:593:12)
    at Function.Module._load (internal/modules/cjs/loader.js:585:3)
    at Module.require (internal/modules/cjs/loader.js:692:17)
C:\Users\proy-jacosta\Páginas Web\Github Repos\Web-Distribucion\web-radio-terminal\src\config\config.js:6
 throw result.error;
 ^

Error: ENOENT: no such file or directory, open 'C:\Users\proy-jacosta\Páginas Web\windows-services\.env'
    at Object.openSync (fs.js:443:3)
    at Object.readFileSync (fs.js:343:35)
    at Object.config (C:\Users\proy-jacosta\Páginas Web\Github Repos\Web-Distribucion\web-radio-terminal\node_modules\dotenv\lib\main.js:96:29)
    at Object.<anonymous> (C:\Users\proy-jacosta\Páginas Web\Github Repos\Web-Distribucion\web-radio-terminal\src\config\config.js:3:21)
    at Module._compile (internal/modules/cjs/loader.js:778:30)
    at Object.Module._extensions..js (internal/modules/cjs/loader.js:789:10)
    at Module.load (internal/modules/cjs/loader.js:653:32)
    at tryModuleLoad (internal/modules/cjs/loader.js:593:12)
    at Function.Module._load (internal/modules/cjs/loader.js:585:3)
    at Module.require (internal/modules/cjs/loader.js:692:17)
C:\Users\proy-jacosta\AppData\Roaming\npm\node_modules\node-windows\lib\wrapper.js:177
    child.send('shutdown');
          ^

TypeError: Cannot read property 'send' of null
    at process.killkid (C:\Users\proy-jacosta\AppData\Roaming\npm\node_modules\node-windows\lib\wrapper.js:177:11)
    at process.emit (events.js:198:13)
    at process.exit (internal/process/per_thread.js:168:15)
    at monitor (C:\Users\proy-jacosta\AppData\Roaming\npm\node_modules\node-windows\lib\wrapper.js:99:17)
    at ChildProcess.<anonymous> (C:\Users\proy-jacosta\AppData\Roaming\npm\node_modules\node-windows\lib\wrapper.js:170:5)
    at ChildProcess.emit (events.js:198:13)
    at Process.ChildProcess._handle.onexit (internal/child_process.js:248:12)
internal/modules/cjs/loader.js:638
    throw err;
    ^

Error: Cannot find module 'C:\Users\proy-jacosta\AppData\Roaming\npm\node_modules\node-windows\lib\wrapper.js'
    at Function.Module._resolveFilename (internal/modules/cjs/loader.js:636:15)
    at Function.Module._load (internal/modules/cjs/loader.js:562:25)
    at Function.Module.runMain (internal/modules/cjs/loader.js:831:12)
    at startup (internal/bootstrap/node.js:283:19)
    at bootstrapNodeJSCore (internal/bootstrap/node.js:622:3)
internal/modules/cjs/loader.js:638
    throw err;
    ^

Error: Cannot find module 'C:\Users\proy-jacosta\AppData\Roaming\npm\node_modules\node-windows\lib\wrapper.js'
    at Function.Module._resolveFilename (internal/modules/cjs/loader.js:636:15)
    at Function.Module._load (internal/modules/cjs/loader.js:562:25)
    at Function.Module.runMain (internal/modules/cjs/loader.js:831:12)
    at startup (internal/bootstrap/node.js:283:19)
    at bootstrapNodeJSCore (internal/bootstrap/node.js:622:3)
